
==========================================================================
floorplan final report_tns
--------------------------------------------------------------------------
tns max 0.00

==========================================================================
floorplan final report_wns
--------------------------------------------------------------------------
wns max 0.00

==========================================================================
floorplan final report_worst_slack
--------------------------------------------------------------------------
worst slack max 8.25

==========================================================================
floorplan final report_clock_min_period
--------------------------------------------------------------------------
clk period_min = 1.75 fmax = 569.81

==========================================================================
floorplan final report_checks -path_delay min
--------------------------------------------------------------------------
Startpoint: UART_RX.rx_sync1$_DFF_PN1_
            (rising edge-triggered flip-flop clocked by clk)
Endpoint: UART_RX.rx_sync2$_DFF_PN1_
          (rising edge-triggered flip-flop clocked by clk)
Path Group: clk
Path Type: min

Fanout     Cap    Slew   Delay    Time   Description
-----------------------------------------------------------------------------
                  0.00    0.00    0.00   clock clk (rise edge)
                          0.00    0.00   clock network delay (ideal)
                  0.00    0.00    0.00 ^ UART_RX.rx_sync1$_DFF_PN1_/CLK (sky130_fd_sc_hd__dfstp_2)
     1    0.00    0.02    0.33    0.33 v UART_RX.rx_sync1$_DFF_PN1_/Q (sky130_fd_sc_hd__dfstp_2)
                                         UART_RX.rx_sync1 (net)
                  0.02    0.00    0.33 v UART_RX.rx_sync2$_DFF_PN1_/D (sky130_fd_sc_hd__dfstp_2)
                                  0.33   data arrival time

                  0.00    0.00    0.00   clock clk (rise edge)
                          0.00    0.00   clock network delay (ideal)
                          0.00    0.00   clock reconvergence pessimism
                                  0.00 ^ UART_RX.rx_sync2$_DFF_PN1_/CLK (sky130_fd_sc_hd__dfstp_2)
                         -0.01   -0.01   library hold time
                                 -0.01   data required time
-----------------------------------------------------------------------------
                                 -0.01   data required time
                                 -0.33   data arrival time
-----------------------------------------------------------------------------
                                  0.35   slack (MET)



==========================================================================
floorplan final report_checks -path_delay max
--------------------------------------------------------------------------
Startpoint: UART_RX.bit_index[0]$_DFFE_PN0P_
            (rising edge-triggered flip-flop clocked by clk)
Endpoint: UART_RX.data[4]$_DFFE_PN0P_
          (rising edge-triggered flip-flop clocked by clk)
Path Group: clk
Path Type: max

Fanout     Cap    Slew   Delay    Time   Description
-----------------------------------------------------------------------------
                  0.00    0.00    0.00   clock clk (rise edge)
                          0.00    0.00   clock network delay (ideal)
                  0.00    0.00    0.00 ^ UART_RX.bit_index[0]$_DFFE_PN0P_/CLK (sky130_fd_sc_hd__dfrtp_1)
     8    0.02    0.19    0.41    0.41 ^ UART_RX.bit_index[0]$_DFFE_PN0P_/Q (sky130_fd_sc_hd__dfrtp_1)
                                         UART_RX.bit_index[0] (net)
                  0.19    0.00    0.41 ^ _158_/A (sky130_fd_sc_hd__inv_1)
     4    0.01    0.08    0.11    0.52 v _158_/Y (sky130_fd_sc_hd__inv_1)
                                         _037_ (net)
                  0.08    0.00    0.52 v _298_/A (sky130_fd_sc_hd__ha_1)
     2    0.01    0.07    0.24    0.75 v _298_/COUT (sky130_fd_sc_hd__ha_1)
                                         _039_ (net)
                  0.07    0.00    0.75 v _251_/A (sky130_fd_sc_hd__xor2_1)
     1    0.01    0.09    0.19    0.94 v _251_/X (sky130_fd_sc_hd__xor2_1)
                                         _123_ (net)
                  0.09    0.00    0.94 v _252_/C1 (sky130_fd_sc_hd__a211oi_4)
     7    0.02    0.30    0.27    1.21 ^ _252_/Y (sky130_fd_sc_hd__a211oi_4)
                                         _124_ (net)
                  0.30    0.00    1.21 ^ _254_/B (sky130_fd_sc_hd__nand3b_2)
     1    0.00    0.08    0.12    1.33 v _254_/Y (sky130_fd_sc_hd__nand3b_2)
                                         _126_ (net)
                  0.08    0.00    1.33 v _255_/S (sky130_fd_sc_hd__mux2_4)
     1    0.00    0.05    0.30    1.63 v _255_/X (sky130_fd_sc_hd__mux2_4)
                                         _046_ (net)
                  0.05    0.00    1.63 v UART_RX.data[4]$_DFFE_PN0P_/D (sky130_fd_sc_hd__dfrtp_1)
                                  1.63   data arrival time

                  0.00   10.00   10.00   clock clk (rise edge)
                          0.00   10.00   clock network delay (ideal)
                          0.00   10.00   clock reconvergence pessimism
                                 10.00 ^ UART_RX.data[4]$_DFFE_PN0P_/CLK (sky130_fd_sc_hd__dfrtp_1)
                         -0.13    9.87   library setup time
                                  9.87   data required time
-----------------------------------------------------------------------------
                                  9.87   data required time
                                 -1.63   data arrival time
-----------------------------------------------------------------------------
                                  8.25   slack (MET)



==========================================================================
floorplan final report_checks -unconstrained
--------------------------------------------------------------------------
Startpoint: UART_RX.bit_index[0]$_DFFE_PN0P_
            (rising edge-triggered flip-flop clocked by clk)
Endpoint: UART_RX.data[4]$_DFFE_PN0P_
          (rising edge-triggered flip-flop clocked by clk)
Path Group: clk
Path Type: max

Fanout     Cap    Slew   Delay    Time   Description
-----------------------------------------------------------------------------
                  0.00    0.00    0.00   clock clk (rise edge)
                          0.00    0.00   clock network delay (ideal)
                  0.00    0.00    0.00 ^ UART_RX.bit_index[0]$_DFFE_PN0P_/CLK (sky130_fd_sc_hd__dfrtp_1)
     8    0.02    0.19    0.41    0.41 ^ UART_RX.bit_index[0]$_DFFE_PN0P_/Q (sky130_fd_sc_hd__dfrtp_1)
                                         UART_RX.bit_index[0] (net)
                  0.19    0.00    0.41 ^ _158_/A (sky130_fd_sc_hd__inv_1)
     4    0.01    0.08    0.11    0.52 v _158_/Y (sky130_fd_sc_hd__inv_1)
                                         _037_ (net)
                  0.08    0.00    0.52 v _298_/A (sky130_fd_sc_hd__ha_1)
     2    0.01    0.07    0.24    0.75 v _298_/COUT (sky130_fd_sc_hd__ha_1)
                                         _039_ (net)
                  0.07    0.00    0.75 v _251_/A (sky130_fd_sc_hd__xor2_1)
     1    0.01    0.09    0.19    0.94 v _251_/X (sky130_fd_sc_hd__xor2_1)
                                         _123_ (net)
                  0.09    0.00    0.94 v _252_/C1 (sky130_fd_sc_hd__a211oi_4)
     7    0.02    0.30    0.27    1.21 ^ _252_/Y (sky130_fd_sc_hd__a211oi_4)
                                         _124_ (net)
                  0.30    0.00    1.21 ^ _254_/B (sky130_fd_sc_hd__nand3b_2)
     1    0.00    0.08    0.12    1.33 v _254_/Y (sky130_fd_sc_hd__nand3b_2)
                                         _126_ (net)
                  0.08    0.00    1.33 v _255_/S (sky130_fd_sc_hd__mux2_4)
     1    0.00    0.05    0.30    1.63 v _255_/X (sky130_fd_sc_hd__mux2_4)
                                         _046_ (net)
                  0.05    0.00    1.63 v UART_RX.data[4]$_DFFE_PN0P_/D (sky130_fd_sc_hd__dfrtp_1)
                                  1.63   data arrival time

                  0.00   10.00   10.00   clock clk (rise edge)
                          0.00   10.00   clock network delay (ideal)
                          0.00   10.00   clock reconvergence pessimism
                                 10.00 ^ UART_RX.data[4]$_DFFE_PN0P_/CLK (sky130_fd_sc_hd__dfrtp_1)
                         -0.13    9.87   library setup time
                                  9.87   data required time
-----------------------------------------------------------------------------
                                  9.87   data required time
                                 -1.63   data arrival time
-----------------------------------------------------------------------------
                                  8.25   slack (MET)



==========================================================================
floorplan final report_power
--------------------------------------------------------------------------
Group                  Internal  Switching    Leakage      Total
                          Power      Power      Power      Power (Watts)
----------------------------------------------------------------
Sequential             2.23e-04   0.00e+00   6.64e-10   2.23e-04 100.0%
Combinational          8.54e-11   0.00e+00   4.28e-10   5.14e-10   0.0%
Clock                  0.00e+00   0.00e+00   0.00e+00   0.00e+00   0.0%
Macro                  0.00e+00   0.00e+00   0.00e+00   0.00e+00   0.0%
Pad                    0.00e+00   0.00e+00   0.00e+00   0.00e+00   0.0%
----------------------------------------------------------------
Total                  2.23e-04   0.00e+00   1.09e-09   2.23e-04 100.0%
                         100.0%       0.0%       0.0%
