
==========================================================================
resizer report_tns
--------------------------------------------------------------------------
tns max 0.00

==========================================================================
resizer report_wns
--------------------------------------------------------------------------
wns max 0.00

==========================================================================
resizer report_worst_slack
--------------------------------------------------------------------------
worst slack max 8.00

==========================================================================
resizer report_clock_min_period
--------------------------------------------------------------------------
clk period_min = 2.00 fmax = 500.01

==========================================================================
resizer report_checks -path_delay min
--------------------------------------------------------------------------
Startpoint: UART_RX.rx_sync1$_DFF_PN1_
            (rising edge-triggered flip-flop clocked by clk)
Endpoint: UART_RX.rx_sync2$_DFF_PN1_
          (rising edge-triggered flip-flop clocked by clk)
Path Group: clk
Path Type: min

Fanout     Cap    Slew   Delay    Time   Description
-----------------------------------------------------------------------------
                  0.00    0.00    0.00   clock clk (rise edge)
                          0.00    0.00   clock network delay (ideal)
                  0.00    0.00    0.00 ^ UART_RX.rx_sync1$_DFF_PN1_/CLK (sky130_fd_sc_hd__dfstp_2)
     1    0.00    0.02    0.33    0.33 v UART_RX.rx_sync1$_DFF_PN1_/Q (sky130_fd_sc_hd__dfstp_2)
                                         UART_RX.rx_sync1 (net)
                  0.02    0.00    0.34 v UART_RX.rx_sync2$_DFF_PN1_/D (sky130_fd_sc_hd__dfstp_2)
                                  0.34   data arrival time

                  0.00    0.00    0.00   clock clk (rise edge)
                          0.00    0.00   clock network delay (ideal)
                          0.00    0.00   clock reconvergence pessimism
                                  0.00 ^ UART_RX.rx_sync2$_DFF_PN1_/CLK (sky130_fd_sc_hd__dfstp_2)
                         -0.01   -0.01   library hold time
                                 -0.01   data required time
-----------------------------------------------------------------------------
                                 -0.01   data required time
                                 -0.34   data arrival time
-----------------------------------------------------------------------------
                                  0.35   slack (MET)



==========================================================================
resizer report_checks -path_delay max
--------------------------------------------------------------------------
Startpoint: BAUD_GEN.baud_tick$_DFF_PN0_
            (rising edge-triggered flip-flop clocked by clk)
Endpoint: UART_RX.data[4]$_DFFE_PN0P_
          (rising edge-triggered flip-flop clocked by clk)
Path Group: clk
Path Type: max

Fanout     Cap    Slew   Delay    Time   Description
-----------------------------------------------------------------------------
                  0.00    0.00    0.00   clock clk (rise edge)
                          0.00    0.00   clock network delay (ideal)
                  0.00    0.00    0.00 ^ BAUD_GEN.baud_tick$_DFF_PN0_/CLK (sky130_fd_sc_hd__dfrtp_1)
    22    0.06    0.55    0.67    0.67 ^ BAUD_GEN.baud_tick$_DFF_PN0_/Q (sky130_fd_sc_hd__dfrtp_1)
                                         BAUD_GEN.baud_tick (net)
                  0.55    0.00    0.67 ^ _215_/B_N (sky130_fd_sc_hd__or2b_1)
     4    0.02    0.14    0.37    1.04 v _215_/X (sky130_fd_sc_hd__or2b_1)
                                         _097_ (net)
                  0.14    0.00    1.04 v _252_/A2 (sky130_fd_sc_hd__a211oi_4)
     7    0.03    0.35    0.41    1.45 ^ _252_/Y (sky130_fd_sc_hd__a211oi_4)
                                         _124_ (net)
                  0.35    0.00    1.45 ^ _254_/B (sky130_fd_sc_hd__nand3b_2)
     1    0.01    0.09    0.13    1.57 v _254_/Y (sky130_fd_sc_hd__nand3b_2)
                                         _126_ (net)
                  0.09    0.00    1.57 v _255_/S (sky130_fd_sc_hd__mux2_4)
     1    0.00    0.05    0.30    1.87 v _255_/X (sky130_fd_sc_hd__mux2_4)
                                         _046_ (net)
                  0.05    0.00    1.87 v UART_RX.data[4]$_DFFE_PN0P_/D (sky130_fd_sc_hd__dfrtp_1)
                                  1.87   data arrival time

                  0.00   10.00   10.00   clock clk (rise edge)
                          0.00   10.00   clock network delay (ideal)
                          0.00   10.00   clock reconvergence pessimism
                                 10.00 ^ UART_RX.data[4]$_DFFE_PN0P_/CLK (sky130_fd_sc_hd__dfrtp_1)
                         -0.13    9.87   library setup time
                                  9.87   data required time
-----------------------------------------------------------------------------
                                  9.87   data required time
                                 -1.87   data arrival time
-----------------------------------------------------------------------------
                                  8.00   slack (MET)



==========================================================================
resizer report_checks -unconstrained
--------------------------------------------------------------------------
Startpoint: BAUD_GEN.baud_tick$_DFF_PN0_
            (rising edge-triggered flip-flop clocked by clk)
Endpoint: UART_RX.data[4]$_DFFE_PN0P_
          (rising edge-triggered flip-flop clocked by clk)
Path Group: clk
Path Type: max

Fanout     Cap    Slew   Delay    Time   Description
-----------------------------------------------------------------------------
                  0.00    0.00    0.00   clock clk (rise edge)
                          0.00    0.00   clock network delay (ideal)
                  0.00    0.00    0.00 ^ BAUD_GEN.baud_tick$_DFF_PN0_/CLK (sky130_fd_sc_hd__dfrtp_1)
    22    0.06    0.55    0.67    0.67 ^ BAUD_GEN.baud_tick$_DFF_PN0_/Q (sky130_fd_sc_hd__dfrtp_1)
                                         BAUD_GEN.baud_tick (net)
                  0.55    0.00    0.67 ^ _215_/B_N (sky130_fd_sc_hd__or2b_1)
     4    0.02    0.14    0.37    1.04 v _215_/X (sky130_fd_sc_hd__or2b_1)
                                         _097_ (net)
                  0.14    0.00    1.04 v _252_/A2 (sky130_fd_sc_hd__a211oi_4)
     7    0.03    0.35    0.41    1.45 ^ _252_/Y (sky130_fd_sc_hd__a211oi_4)
                                         _124_ (net)
                  0.35    0.00    1.45 ^ _254_/B (sky130_fd_sc_hd__nand3b_2)
     1    0.01    0.09    0.13    1.57 v _254_/Y (sky130_fd_sc_hd__nand3b_2)
                                         _126_ (net)
                  0.09    0.00    1.57 v _255_/S (sky130_fd_sc_hd__mux2_4)
     1    0.00    0.05    0.30    1.87 v _255_/X (sky130_fd_sc_hd__mux2_4)
                                         _046_ (net)
                  0.05    0.00    1.87 v UART_RX.data[4]$_DFFE_PN0P_/D (sky130_fd_sc_hd__dfrtp_1)
                                  1.87   data arrival time

                  0.00   10.00   10.00   clock clk (rise edge)
                          0.00   10.00   clock network delay (ideal)
                          0.00   10.00   clock reconvergence pessimism
                                 10.00 ^ UART_RX.data[4]$_DFFE_PN0P_/CLK (sky130_fd_sc_hd__dfrtp_1)
                         -0.13    9.87   library setup time
                                  9.87   data required time
-----------------------------------------------------------------------------
                                  9.87   data required time
                                 -1.87   data arrival time
-----------------------------------------------------------------------------
                                  8.00   slack (MET)



==========================================================================
resizer report_check_types -max_slew -max_cap -max_fanout -violators
--------------------------------------------------------------------------

==========================================================================
resizer max_slew_check_slack
--------------------------------------------------------------------------
0.8825153708457947

==========================================================================
resizer max_slew_check_limit
--------------------------------------------------------------------------
1.5

==========================================================================
resizer max_slew_check_slack_limit
--------------------------------------------------------------------------
0.5883

==========================================================================
resizer max_fanout_check_slack
--------------------------------------------------------------------------
1.0000000150474662e+30

==========================================================================
resizer max_fanout_check_limit
--------------------------------------------------------------------------
1.0000000150474662e+30

==========================================================================
resizer max_capacitance_check_slack
--------------------------------------------------------------------------
0.0329744853079319

==========================================================================
resizer max_capacitance_check_limit
--------------------------------------------------------------------------
0.03663099929690361

==========================================================================
resizer max_capacitance_check_slack_limit
--------------------------------------------------------------------------
0.9002

==========================================================================
resizer max_slew_violation_count
--------------------------------------------------------------------------
max slew violation count 0

==========================================================================
resizer max_fanout_violation_count
--------------------------------------------------------------------------
max fanout violation count 0

==========================================================================
resizer max_cap_violation_count
--------------------------------------------------------------------------
max cap violation count 0

==========================================================================
resizer setup_violation_count
--------------------------------------------------------------------------
setup violation count 0

==========================================================================
resizer hold_violation_count
--------------------------------------------------------------------------
hold violation count 0

==========================================================================
resizer report_checks -path_delay max reg to reg
--------------------------------------------------------------------------
Startpoint: BAUD_GEN.baud_tick$_DFF_PN0_
            (rising edge-triggered flip-flop clocked by clk)
Endpoint: UART_RX.data[4]$_DFFE_PN0P_
          (rising edge-triggered flip-flop clocked by clk)
Path Group: clk
Path Type: max

  Delay    Time   Description
---------------------------------------------------------
   0.00    0.00   clock clk (rise edge)
   0.00    0.00   clock network delay (ideal)
   0.00    0.00 ^ BAUD_GEN.baud_tick$_DFF_PN0_/CLK (sky130_fd_sc_hd__dfrtp_1)
   0.67    0.67 ^ BAUD_GEN.baud_tick$_DFF_PN0_/Q (sky130_fd_sc_hd__dfrtp_1)
   0.37    1.04 v _215_/X (sky130_fd_sc_hd__or2b_1)
   0.41    1.45 ^ _252_/Y (sky130_fd_sc_hd__a211oi_4)
   0.13    1.57 v _254_/Y (sky130_fd_sc_hd__nand3b_2)
   0.30    1.87 v _255_/X (sky130_fd_sc_hd__mux2_4)
   0.00    1.87 v UART_RX.data[4]$_DFFE_PN0P_/D (sky130_fd_sc_hd__dfrtp_1)
           1.87   data arrival time

  10.00   10.00   clock clk (rise edge)
   0.00   10.00   clock network delay (ideal)
   0.00   10.00   clock reconvergence pessimism
          10.00 ^ UART_RX.data[4]$_DFFE_PN0P_/CLK (sky130_fd_sc_hd__dfrtp_1)
  -0.13    9.87   library setup time
           9.87   data required time
---------------------------------------------------------
           9.87   data required time
          -1.87   data arrival time
---------------------------------------------------------
           8.00   slack (MET)



==========================================================================
resizer report_checks -path_delay min reg to reg
--------------------------------------------------------------------------
Startpoint: UART_RX.rx_sync1$_DFF_PN1_
            (rising edge-triggered flip-flop clocked by clk)
Endpoint: UART_RX.rx_sync2$_DFF_PN1_
          (rising edge-triggered flip-flop clocked by clk)
Path Group: clk
Path Type: min

  Delay    Time   Description
---------------------------------------------------------
   0.00    0.00   clock clk (rise edge)
   0.00    0.00   clock network delay (ideal)
   0.00    0.00 ^ UART_RX.rx_sync1$_DFF_PN1_/CLK (sky130_fd_sc_hd__dfstp_2)
   0.33    0.33 v UART_RX.rx_sync1$_DFF_PN1_/Q (sky130_fd_sc_hd__dfstp_2)
   0.00    0.34 v UART_RX.rx_sync2$_DFF_PN1_/D (sky130_fd_sc_hd__dfstp_2)
           0.34   data arrival time

   0.00    0.00   clock clk (rise edge)
   0.00    0.00   clock network delay (ideal)
   0.00    0.00   clock reconvergence pessimism
           0.00 ^ UART_RX.rx_sync2$_DFF_PN1_/CLK (sky130_fd_sc_hd__dfstp_2)
  -0.01   -0.01   library hold time
          -0.01   data required time
---------------------------------------------------------
          -0.01   data required time
          -0.34   data arrival time
---------------------------------------------------------
           0.35   slack (MET)



==========================================================================
resizer critical path target clock latency max path
--------------------------------------------------------------------------
0

==========================================================================
resizer critical path target clock latency min path
--------------------------------------------------------------------------
0

==========================================================================
resizer critical path source clock latency min path
--------------------------------------------------------------------------
0

==========================================================================
resizer critical path delay
--------------------------------------------------------------------------
1.8747

==========================================================================
resizer critical path slack
--------------------------------------------------------------------------
8.0001

==========================================================================
resizer slack div critical path delay
--------------------------------------------------------------------------
426.740278

==========================================================================
resizer report_power
--------------------------------------------------------------------------
Group                  Internal  Switching    Leakage      Total
                          Power      Power      Power      Power (Watts)
----------------------------------------------------------------
Sequential             2.23e-04   0.00e+00   6.64e-10   2.23e-04  96.7%
Combinational          3.41e-06   4.17e-06   5.03e-10   7.58e-06   3.3%
Clock                  0.00e+00   0.00e+00   0.00e+00   0.00e+00   0.0%
Macro                  0.00e+00   0.00e+00   0.00e+00   0.00e+00   0.0%
Pad                    0.00e+00   0.00e+00   0.00e+00   0.00e+00   0.0%
----------------------------------------------------------------
Total                  2.26e-04   4.17e-06   1.17e-09   2.31e-04 100.0%
                          98.2%       1.8%       0.0%
